{
  "stats": {
    "suites": 1,
    "tests": 2,
    "passes": 2,
    "pending": 0,
    "failures": 0,
    "start": "2023-07-09T05:51:59.435Z",
    "end": "2023-07-09T05:52:21.366Z",
    "duration": 21931,
    "testsRegistered": 2,
    "passPercent": 100,
    "pendingPercent": 0,
    "other": 0,
    "hasOther": false,
    "skipped": 0,
    "hasSkipped": false
  },
  "results": [
    {
      "uuid": "cdaec0f8-7ad0-4f2a-be72-865b30657ede",
      "title": "",
      "fullFile": "cypress/integration/cart.ts",
      "file": "cypress/integration/cart.ts",
      "beforeHooks": [],
      "afterHooks": [],
      "tests": [],
      "suites": [
        {
          "uuid": "22611720-10eb-4100-9d8a-567cf44a95d0",
          "title": "Remove 2 Product from Cart and Failed Input Data",
          "fullFile": "",
          "file": "",
          "beforeHooks": [],
          "afterHooks": [],
          "tests": [
            {
              "title": "Remove Cart",
              "fullTitle": "Remove 2 Product from Cart and Failed Input Data Remove Cart",
              "timedOut": null,
              "duration": 17981,
              "state": "passed",
              "speed": "slow",
              "pass": true,
              "fail": false,
              "pending": false,
              "context": null,
              "code": "loginPage.login(URL, 'standard_user', 'secret_sauce');\nloginPage.assertLogin();\naddToCart.addAllProduct();\naddToCart.assertAddToCart();\ncartPage.removeCart();\ncartPage.cartCheckout();\ncheckoutData.cartCheckout();",
              "err": {},
              "uuid": "7adef056-639f-4dc6-8ff6-5ce975033016",
              "parentUUID": "22611720-10eb-4100-9d8a-567cf44a95d0",
              "isHook": false,
              "skipped": false
            },
            {
              "title": "Checkout Failed",
              "fullTitle": "Remove 2 Product from Cart and Failed Input Data Checkout Failed",
              "timedOut": null,
              "duration": 1168,
              "state": "passed",
              "speed": "fast",
              "pass": true,
              "fail": false,
              "pending": false,
              "context": null,
              "code": "checkoutData.cartCheckout();\ncheckoutData.assertInputFail();",
              "err": {},
              "uuid": "af4c6285-565a-467d-ad84-c094529306c2",
              "parentUUID": "22611720-10eb-4100-9d8a-567cf44a95d0",
              "isHook": false,
              "skipped": false
            }
          ],
          "suites": [],
          "passes": [
            "7adef056-639f-4dc6-8ff6-5ce975033016",
            "af4c6285-565a-467d-ad84-c094529306c2"
          ],
          "failures": [],
          "pending": [],
          "skipped": [],
          "duration": 19149,
          "root": false,
          "rootEmpty": false,
          "_timeout": 2000
        }
      ],
      "passes": [],
      "failures": [],
      "pending": [],
      "skipped": [],
      "duration": 0,
      "root": true,
      "rootEmpty": true,
      "_timeout": 2000
    }
  ],
  "meta": {
    "mocha": {
      "version": "7.0.1"
    },
    "mochawesome": {
      "options": {
        "quiet": false,
        "reportFilename": "mochawesome",
        "saveHtml": false,
        "saveJson": true,
        "consoleReporter": "spec",
        "useInlineDiffs": false,
        "code": true
      },
      "version": "7.1.3"
    },
    "marge": {
      "options": {
        "chart": true,
        "overwrite": false,
        "html": false,
        "json": true,
        "reportDir": "cypress/reports"
      },
      "version": "6.2.0"
    }
  }
}